{
  "RSpec": {
    "coverage": {
      "/Users/student/Documents/projects/week_10/bank_test/spec/account_spec.rb": [
        1,
        null,
        1,
        null,
        1,
        1,
        1,
        null,
        null,
        1,
        1,
        null,
        null,
        null,
        null
      ],
      "/Users/student/Documents/projects/week_10/bank_test/lib/account.rb": [
        1,
        null,
        1,
        null,
        1,
        2,
        2,
        null,
        null,
        null
      ]
    },
    "timestamp": 1559558871
  }
}
