{
  "RSpec": {
    "coverage": {
      "/Users/student/Documents/projects/week_10/bank-test/spec/account_spec.rb": [
        1,
        null,
        1,
        null,
        1,
        1,
        1,
        null,
        null,
        1,
        1,
        null,
        null,
        null,
        1,
        1,
        1,
        1,
        null,
        null,
        1,
        1,
        1,
        null,
        null,
        null,
        1,
        1,
        1,
        1,
        null,
        null,
        1,
        1,
        1,
        1,
        null,
        null,
        null,
        null
      ],
      "/Users/student/Documents/projects/week_10/bank-test/lib/account.rb": [
        1,
        null,
        1,
        null,
        1,
        null,
        1,
        9,
        9,
        null,
        null,
        1,
        4,
        4,
        4,
        null,
        null,
        1,
        3,
        3,
        3,
        null,
        null,
        null
      ],
      "/Users/student/Documents/projects/week_10/bank-test/lib/transaction.rb": [
        1,
        null,
        1,
        null,
        1,
        null,
        1,
        10,
        10,
        10,
        null,
        null,
        null
      ],
      "/Users/student/Documents/projects/week_10/bank-test/spec/printer_spec.rb": [
        1,
        null,
        1,
        null,
        1,
        1,
        1,
        null,
        null,
        null,
        1,
        1,
        1,
        1,
        1,
        1,
        null,
        null,
        1,
        1,
        1,
        null,
        null,
        null,
        null
      ],
      "/Users/student/Documents/projects/week_10/bank-test/lib/printer.rb": [
        1,
        null,
        1,
        null,
        1,
        null,
        1,
        3,
        null,
        null,
        1,
        2,
        2,
        2,
        1,
        1,
        1,
        null,
        0,
        null,
        null,
        null,
        null,
        null
      ],
      "/Users/student/Documents/projects/week_10/bank-test/spec/transaction_spec.rb": [
        1,
        1,
        null,
        1,
        null,
        4,
        null,
        1,
        1,
        1,
        1,
        null,
        null,
        1,
        1,
        null,
        null,
        1,
        1,
        null,
        null,
        null,
        null
      ]
    },
    "timestamp": 1559666238
  }
}
